<?xml version="1.0" encoding="UTF-8"?>
<!-- Generated by org.testng.reporters.JUnitReportReporter -->
<testsuite skipped="0" hostname="ADMIN-PC" name="com.test.regression" tests="7" failures="0" timestamp="12 Oct 2020 06:08:44 GMT" time="26.120" errors="0">
  <testcase name="regression_verifyTitle" time="0.265" classname="com.test.regression"/>
  <testcase name="step1" time="7.042" classname="com.test.regression"/>
  <testcase name="step2" time="8.901" classname="com.test.regression"/>
  <testcase name="step3" time="0.673" classname="com.test.regression"/>
  <testcase name="step4" time="0.204" classname="com.test.regression"/>
  <testcase name="step5" time="6.241" classname="com.test.regression"/>
  <testcase name="step6" time="2.794" classname="com.test.regression"/>
</testsuite> <!-- com.test.regression -->
