<?xml version="1.0" encoding="UTF-8"?>
<!-- Generated by org.testng.reporters.JUnitReportReporter -->
<testsuite skipped="0" hostname="ADMIN-PC" name="com.test.smoke" tests="4" failures="0" timestamp="12 Oct 2020 06:17:02 GMT" time="5.914" errors="0">
  <testcase name="smoke_verifyTitle" time="0.254" classname="com.test.smoke"/>
  <testcase name="smoke0" time="3.108" classname="com.test.smoke"/>
  <testcase name="smoke1" time="0.121" classname="com.test.smoke"/>
  <testcase name="smoke2" time="2.431" classname="com.test.smoke"/>
</testsuite> <!-- com.test.smoke -->
