<?xml version="1.0" encoding="UTF-8"?>
<!-- Generated by org.testng.reporters.JUnitReportReporter -->
<testsuite skipped="0" hostname="ADMIN-PC" name="com.test.smoke" tests="4" failures="0" timestamp="14 Oct 2020 11:23:08 GMT" time="7.512" errors="0">
  <testcase name="smoke_verifyTitle" time="0.026" classname="com.test.smoke"/>
  <testcase name="smoke0" time="4.976" classname="com.test.smoke"/>
  <testcase name="smoke1" time="0.115" classname="com.test.smoke"/>
  <testcase name="smoke2" time="2.395" classname="com.test.smoke"/>
</testsuite> <!-- com.test.smoke -->
