<?xml version="1.0" encoding="UTF-8"?>
<!-- Generated by org.testng.reporters.JUnitReportReporter -->
<testsuite skipped="0" hostname="ADMIN-PC" name="com.test.regression" tests="7" failures="0" timestamp="14 Oct 2020 11:23:08 GMT" time="22.673" errors="0">
  <testcase name="regression_verifyTitle" time="0.281" classname="com.test.regression"/>
  <testcase name="step1" time="7.596" classname="com.test.regression"/>
  <testcase name="step2" time="6.173" classname="com.test.regression"/>
  <testcase name="step3" time="0.483" classname="com.test.regression"/>
  <testcase name="step4" time="0.174" classname="com.test.regression"/>
  <testcase name="step5" time="5.714" classname="com.test.regression"/>
  <testcase name="step6" time="2.252" classname="com.test.regression"/>
</testsuite> <!-- com.test.regression -->
